0 info it worked if it ends with ok
1 verbose cli [ '/usr/bin/node', '/usr/bin/npm', 'install' ]
2 info using npm@1.4.28
3 info using node@v0.10.33
4 verbose node symlink /usr/bin/node
5 verbose readDependencies using package.json deps
6 verbose install where, deps [ '/home/diego/Dev/frontend-angular-seed',
6 verbose install   [ 'dyson-generators',
6 verbose install     'bower',
6 verbose install     'connect-livereload',
6 verbose install     'grunt',
6 verbose install     'grunt-cli',
6 verbose install     'grunt-concurrent',
6 verbose install     'grunt-contrib-compass',
6 verbose install     'grunt-contrib-concat',
6 verbose install     'grunt-contrib-connect',
6 verbose install     'grunt-contrib-jshint',
6 verbose install     'grunt-contrib-uglify',
6 verbose install     'grunt-contrib-watch',
6 verbose install     'grunt-karma',
6 verbose install     'grunt-open',
6 verbose install     'grunt-shell',
6 verbose install     'karma',
6 verbose install     'karma-chrome-launcher',
6 verbose install     'karma-junit-reporter',
6 verbose install     'karma-phantomjs-launcher',
6 verbose install     'protractor',
6 verbose install     'shelljs' ] ]
7 info preinstall frontend-angular-bootstrap-seed@1.0.2
8 warn package.json karma-chrome-launcher@0.1.7 No README data
9 verbose readDependencies using package.json deps
10 verbose already installed skipping grunt@^0.4.5 /home/diego/Dev/frontend-angular-seed
11 verbose already installed skipping grunt-cli@^0.1.13 /home/diego/Dev/frontend-angular-seed
12 verbose already installed skipping grunt-concurrent@^1.0.0 /home/diego/Dev/frontend-angular-seed
13 verbose already installed skipping grunt-contrib-compass@^1.0.1 /home/diego/Dev/frontend-angular-seed
14 verbose already installed skipping grunt-contrib-concat@^0.5.0 /home/diego/Dev/frontend-angular-seed
15 verbose already installed skipping grunt-contrib-connect@^0.9.0 /home/diego/Dev/frontend-angular-seed
16 verbose already installed skipping grunt-contrib-jshint@^0.10.0 /home/diego/Dev/frontend-angular-seed
17 verbose already installed skipping grunt-contrib-uglify@^0.6.0 /home/diego/Dev/frontend-angular-seed
18 verbose already installed skipping grunt-contrib-watch@^0.6.1 /home/diego/Dev/frontend-angular-seed
19 verbose cache add [ 'grunt-karma@^0.12.0', null ]
20 verbose cache add name=undefined spec="grunt-karma@^0.12.0" args=["grunt-karma@^0.12.0",null]
21 verbose parsed url { protocol: null,
21 verbose parsed url   slashes: null,
21 verbose parsed url   auth: null,
21 verbose parsed url   host: null,
21 verbose parsed url   port: null,
21 verbose parsed url   hostname: null,
21 verbose parsed url   hash: null,
21 verbose parsed url   search: null,
21 verbose parsed url   query: null,
21 verbose parsed url   pathname: 'grunt-karma@^0.12.0',
21 verbose parsed url   path: 'grunt-karma@^0.12.0',
21 verbose parsed url   href: 'grunt-karma@^0.12.0' }
22 verbose already installed skipping grunt-open@^0.2.3 /home/diego/Dev/frontend-angular-seed
23 verbose cache add name="grunt-karma" spec="^0.12.0" args=["grunt-karma","^0.12.0"]
24 verbose parsed url { protocol: null,
24 verbose parsed url   slashes: null,
24 verbose parsed url   auth: null,
24 verbose parsed url   host: null,
24 verbose parsed url   port: null,
24 verbose parsed url   hostname: null,
24 verbose parsed url   hash: null,
24 verbose parsed url   search: null,
24 verbose parsed url   query: null,
24 verbose parsed url   pathname: '^0.12.0',
24 verbose parsed url   path: '^0.12.0',
24 verbose parsed url   href: '^0.12.0' }
25 verbose addNamed [ 'grunt-karma', '^0.12.0' ]
26 verbose addNamed [ null, '>=0.12.0-0 <0.13.0-0' ]
27 silly lockFile c614ccef-grunt-karma-0-12-0 grunt-karma@^0.12.0
28 verbose lock grunt-karma@^0.12.0 /home/diego/.npm/c614ccef-grunt-karma-0-12-0.lock
29 verbose already installed skipping grunt-shell@^1.1.1 /home/diego/Dev/frontend-angular-seed
30 verbose already installed skipping karma@^0.12 /home/diego/Dev/frontend-angular-seed
31 verbose already installed skipping karma-chrome-launcher@^0.1 /home/diego/Dev/frontend-angular-seed
32 verbose already installed skipping karma-junit-reporter@^0.2 /home/diego/Dev/frontend-angular-seed
33 verbose already installed skipping karma-phantomjs-launcher@^0.1 /home/diego/Dev/frontend-angular-seed
34 verbose already installed skipping protractor@^1.5.0 /home/diego/Dev/frontend-angular-seed
35 verbose already installed skipping shelljs@^0.2.6 /home/diego/Dev/frontend-angular-seed
36 silly addNameRange { name: 'grunt-karma',
36 silly addNameRange   range: '>=0.12.0-0 <0.13.0-0',
36 silly addNameRange   hasData: false }
37 verbose already installed skipping dyson-generators@^0.1.1 /home/diego/Dev/frontend-angular-seed
38 verbose already installed skipping bower@^1.3.12 /home/diego/Dev/frontend-angular-seed
39 verbose request where is /grunt-karma
40 verbose request registry https://registry.npmjs.org/
41 verbose request id c8a19ee8dcbb78c6
42 verbose url raw /grunt-karma
43 verbose url resolving [ 'https://registry.npmjs.org/', './grunt-karma' ]
44 verbose url resolved https://registry.npmjs.org/grunt-karma
45 verbose request where is https://registry.npmjs.org/grunt-karma
46 info trying registry request attempt 1 at 14:41:02
47 verbose etag "50R1YO04BUNB1LII6I505LKYK"
48 http GET https://registry.npmjs.org/grunt-karma
49 verbose already installed skipping connect-livereload@^0.5.2 /home/diego/Dev/frontend-angular-seed
50 http 304 https://registry.npmjs.org/grunt-karma
51 silly registry.get cb [ 304,
51 silly registry.get   { date: 'Sat, 13 Dec 2014 13:41:02 GMT',
51 silly registry.get     server: 'Apache',
51 silly registry.get     via: '1.1 varnish',
51 silly registry.get     'last-modified': 'Sat, 13 Dec 2014 13:41:02 GMT',
51 silly registry.get     'cache-control': 'max-age=60',
51 silly registry.get     etag: '"50R1YO04BUNB1LII6I505LKYK"',
51 silly registry.get     age: '30',
51 silly registry.get     'x-served-by': 'cache-lhr6322-LHR',
51 silly registry.get     'x-cache': 'HIT',
51 silly registry.get     'x-cache-hits': '1',
51 silly registry.get     'x-timer': 'S1418478062.372236,VS0,VE0',
51 silly registry.get     vary: 'Accept',
51 silly registry.get     'content-length': '0',
51 silly registry.get     'keep-alive': 'timeout=10, max=50',
51 silly registry.get     connection: 'Keep-Alive' } ]
52 verbose etag https://registry.npmjs.org/grunt-karma from cache
53 silly addNameRange number 2 { name: 'grunt-karma',
53 silly addNameRange   range: '>=0.12.0-0 <0.13.0-0',
53 silly addNameRange   hasData: true }
54 silly addNameRange versions [ 'grunt-karma',
54 silly addNameRange   [ '0.3.0',
54 silly addNameRange     '0.4.0',
54 silly addNameRange     '0.4.1',
54 silly addNameRange     '0.4.2',
54 silly addNameRange     '0.4.3',
54 silly addNameRange     '0.4.4',
54 silly addNameRange     '0.5.0',
54 silly addNameRange     '0.4.5',
54 silly addNameRange     '0.5.1',
54 silly addNameRange     '0.5.2',
54 silly addNameRange     '0.4.6',
54 silly addNameRange     '0.5.3',
54 silly addNameRange     '0.5.4',
54 silly addNameRange     '0.6.0',
54 silly addNameRange     '0.6.1',
54 silly addNameRange     '0.7.0',
54 silly addNameRange     '0.6.2',
54 silly addNameRange     '0.7.1',
54 silly addNameRange     '0.7.2',
54 silly addNameRange     '0.7.3',
54 silly addNameRange     '0.8.0',
54 silly addNameRange     '0.8.1',
54 silly addNameRange     '0.8.2',
54 silly addNameRange     '0.8.3',
54 silly addNameRange     '0.9.0' ] ]
55 silly lockFile c614ccef-grunt-karma-0-12-0 grunt-karma@^0.12.0
56 silly lockFile c614ccef-grunt-karma-0-12-0 grunt-karma@^0.12.0
57 error notarget No compatible version found: grunt-karma@'>=0.12.0-0 <0.13.0-0'
57 error notarget Valid install targets:
57 error notarget ["0.5.0","0.5.1","0.5.3","0.5.4","0.7.0","0.7.1","0.7.2","0.7.3","0.9.0","0.3.0","0.4.0","0.4.1","0.4.2","0.4.3","0.4.4","0.5.0","0.4.5","0.5.1","0.5.2","0.4.6","0.5.3","0.5.4","0.6.0","0.6.1","0.7.0","0.6.2","0.7.1","0.7.2","0.7.3","0.8.0","0.8.1","0.8.2","0.8.3","0.9.0"]
57 error notarget
57 error notarget This is most likely not a problem with npm itself.
57 error notarget In most cases you or one of your dependencies are requesting
57 error notarget a package version that doesn't exist.
58 error System Linux 3.13.0-43-generic
59 error command "/usr/bin/node" "/usr/bin/npm" "install"
60 error cwd /home/diego/Dev/frontend-angular-seed
61 error node -v v0.10.33
62 error npm -v 1.4.28
63 error code ETARGET
64 verbose exit [ 1, true ]
